<?xml version="1.0" encoding="UTF-8"?>
<testsuite name="com.chefit.distributed.RedisConnectionFactoryIntegrationTest" tests="2" skipped="0" failures="0" errors="0" timestamp="2026-06-16T04:49:40.459Z" hostname="RYANS-SICKASS-P" time="0.132">
  <properties/>
  <testcase name="pubSubConnection_receivesMessagePublishedOverASeparateConnection()" classname="com.chefit.distributed.RedisConnectionFactoryIntegrationTest" time="0.128"/>
  <testcase name="dataConnection_roundTripsSetGet()" classname="com.chefit.distributed.RedisConnectionFactoryIntegrationTest" time="0.004"/>
  <system-out><![CDATA[]]></system-out>
  <system-err><![CDATA[SLF4J: Failed to load class "org.slf4j.impl.StaticLoggerBinder".
SLF4J: Defaulting to no-operation (NOP) logger implementation
SLF4J: See http://www.slf4j.org/codes.html#StaticLoggerBinder for further details.
]]></system-err>
</testsuite>
