<?xml version="1.0" encoding="UTF-8"?>
<testsuite name="com.chefit.distributed.RedisConnectionFactoryTest" tests="3" skipped="0" failures="0" errors="0" timestamp="2026-06-16T04:49:40.592Z" hostname="RYANS-SICKASS-P" time="0.004">
  <properties/>
  <testcase name="storesHostAndPort()" classname="com.chefit.distributed.RedisConnectionFactoryTest" time="0.001"/>
  <testcase name="dataPool_isReusedAcrossCalls()" classname="com.chefit.distributed.RedisConnectionFactoryTest" time="0.001"/>
  <testcase name="newPubSubConnection_returnsADistinctInstanceEachCall()" classname="com.chefit.distributed.RedisConnectionFactoryTest" time="0.001"/>
  <system-out><![CDATA[]]></system-out>
  <system-err><![CDATA[]]></system-err>
</testsuite>
